<?xml version="1.0" encoding="UTF-8"?>
<!-- Generated by org.testng.reporters.JUnitReportReporter -->
<testsuite hostname="RedmiBook" failures="0" tests="1" name="practice.LoginVtiger" time="3.417" errors="0" timestamp="2023-05-08T15:33:59 IST" skipped="0">
  <testcase classname="practice.LoginVtiger" name="Login" time="3.417"/>
  <system-out/>
</testsuite> <!-- practice.LoginVtiger -->
